<?xml version="1.0" encoding="UTF-8"?>
<testng-results skipped="0" failed="1" ignored="0" total="1" passed="0">
  <reporter-output>
  </reporter-output>
  <suite name="Default suite" duration-ms="5399" started-at="2020-02-27T01:42:53Z" finished-at="2020-02-27T01:42:58Z">
    <groups>
    </groups>
    <test name="Default test" duration-ms="5399" started-at="2020-02-27T01:42:53Z" finished-at="2020-02-27T01:42:58Z">
      <class name="datadrivenusingPOI.datadriven_ApachePoi">
        <test-method status="PASS" signature="startbrowser()[pri:0, instance:datadrivenusingPOI.datadriven_ApachePoi@26653222]" name="startbrowser" is-config="true" duration-ms="5384" started-at="2020-02-27T01:42:53Z" finished-at="2020-02-27T01:42:58Z">
          <reporter-output>
          </reporter-output>
        </test-method> <!-- startbrowser -->
        <test-method status="FAIL" signature="wikipagedata(java.lang.String, java.lang.String, java.lang.String, java.lang.String)[pri:0, instance:datadrivenusingPOI.datadriven_ApachePoi@26653222]" name="wikipagedata" duration-ms="0" started-at="2020-02-27T01:42:58Z" data-provider="testdata" finished-at="2020-02-27T01:42:58Z">
          <exception class="org.testng.TestNGException">
            <message>
              <![CDATA[
Method public void datadrivenusingPOI.datadriven_ApachePoi.wikipagedata(java.lang.String,java.lang.String,java.lang.String,java.lang.String) requires a @DataProvider named : testdata]]>
            </message>
            <full-stacktrace>
              <![CDATA[org.testng.TestNGException: 
Method public void datadrivenusingPOI.datadriven_ApachePoi.wikipagedata(java.lang.String,java.lang.String,java.lang.String,java.lang.String) requires a @DataProvider named : testdata
at org.testng.internal.Parameters.findDataProvider(Parameters.java:513)
at org.testng.internal.Parameters.handleParameters(Parameters.java:691)
at org.testng.internal.ParameterHandler.handleParameters(ParameterHandler.java:49)
at org.testng.internal.ParameterHandler.createParameters(ParameterHandler.java:37)
at org.testng.internal.Invoker.invokeTestMethods(Invoker.java:924)
at org.testng.internal.TestMethodWorker.invokeTestMethods(TestMethodWorker.java:125)
at org.testng.internal.TestMethodWorker.run(TestMethodWorker.java:109)
at org.testng.TestRunner.privateRun(TestRunner.java:648)
at org.testng.TestRunner.run(TestRunner.java:505)
at org.testng.SuiteRunner.runTest(SuiteRunner.java:455)
at org.testng.SuiteRunner.runSequentially(SuiteRunner.java:450)
at org.testng.SuiteRunner.privateRun(SuiteRunner.java:415)
at org.testng.SuiteRunner.run(SuiteRunner.java:364)
at org.testng.SuiteRunnerWorker.runSuite(SuiteRunnerWorker.java:52)
at org.testng.SuiteRunnerWorker.run(SuiteRunnerWorker.java:84)
at org.testng.TestNG.runSuitesSequentially(TestNG.java:1208)
at org.testng.TestNG.runSuitesLocally(TestNG.java:1137)
at org.testng.TestNG.runSuites(TestNG.java:1049)
at org.testng.TestNG.run(TestNG.java:1017)
at org.testng.remote.AbstractRemoteTestNG.run(AbstractRemoteTestNG.java:114)
at org.testng.remote.RemoteTestNG.initAndRun(RemoteTestNG.java:251)
at org.testng.remote.RemoteTestNG.main(RemoteTestNG.java:77)
]]>
            </full-stacktrace>
          </exception> <!-- org.testng.TestNGException -->
          <reporter-output>
          </reporter-output>
        </test-method> <!-- wikipagedata -->
      </class> <!-- datadrivenusingPOI.datadriven_ApachePoi -->
    </test> <!-- Default test -->
  </suite> <!-- Default suite -->
</testng-results>
